Exception at PC 0x00007FFF0568A388
Exception at PC 0x00007FFF0568A388
Unable to capture context for thread 22284 in process 604, can not generate back trace
Exception at PC 0x00007FFE7867BB93
Printing stacktrace...

Unable to capture context for thread 22284 in process 604, can not generate back trace
Exception at PC 0x00007FFF0568A388
Exception at PC 0x00007FFF0568A388
Exception at PC 0x00007FFF0568A388
Exception at PC 0x00007FFF0568A388
Exception at PC 0x00007FFF0568A388
Exception at PC 0x00007FFF0568A388
Exception at PC 0x00007FFF0568A388
Exception at PC 0x00007FFF0568A388
Exception at PC 0x00007FFF0568A388
Exception at PC 0x00007FFF0568A388
Exception at PC 0x00007FFF0568A388
[0]  [0x00007FFE7867BB93]
[1]  [0x00007FFE7867BB93]
[2]  [0x00007FFE7867B4A1]
[3]  [0x00007FFE7867B3EF]
[4]  [0x00007FFE786619FE]
[5]  [0x00007FFE78660ED1]
[6]  [0x00007FFE78660D76]
[7]  [0x00007FFE786079F6]
[8]  [0x00007FFE785F7AFB]
[9]  [0x00007FFE7871E90A]
[10]  [0x00007FFE78739F87]
[11]  [0x00007FFE7873A05F]
[12] (BaseThreadInitThunk+0x14) [0x00007FFF08063034]
[13] (RtlUserThreadStart+0x21) [0x00007FFF08AF1431]
Done
Exception at PC 0x00007FFF0568A388
Exception at PC 0x00007FFF0568A388
Exception at PC 0x00007FFF0568A388
Exception at PC 0x00007FFF0568A388
Exception at PC 0x00007FFF0568A388
