INFO: [VRFC 10-2263] Analyzing Verilog file "D:/2018-2/SIMPLE-CPU/KURM-CPU/KURM-CPU.srcs/sources_1/imports/KURM-CPU-master/modules/alu.v" into library xil_defaultlib
INFO: [VRFC 10-311] analyzing module alu
INFO: [VRFC 10-2263] Analyzing Verilog file "D:/2018-2/SIMPLE-CPU/KURM-CPU/KURM-CPU.srcs/sources_1/imports/KURM-CPU-master/modules/controller.v" into library xil_defaultlib
INFO: [VRFC 10-311] analyzing module controller
INFO: [VRFC 10-2263] Analyzing Verilog file "D:/2018-2/SIMPLE-CPU/KURM-CPU/KURM-CPU.srcs/sources_1/imports/KURM-CPU-master/modules/data_memory.v" into library xil_defaultlib
INFO: [VRFC 10-311] analyzing module data_memory
INFO: [VRFC 10-2263] Analyzing Verilog file "D:/2018-2/SIMPLE-CPU/KURM-CPU/KURM-CPU.srcs/sources_1/imports/KURM-CPU-master/modules/instr_memory.v" into library xil_defaultlib
INFO: [VRFC 10-311] analyzing module instr_memory
INFO: [VRFC 10-2263] Analyzing Verilog file "D:/2018-2/SIMPLE-CPU/KURM-CPU/KURM-CPU.srcs/sources_1/imports/KURM-CPU-master/modules/mux2x1.v" into library xil_defaultlib
INFO: [VRFC 10-311] analyzing module mux2_to_1
INFO: [VRFC 10-2263] Analyzing Verilog file "D:/2018-2/SIMPLE-CPU/KURM-CPU/KURM-CPU.srcs/sources_1/imports/KURM-CPU-master/modules/reg.v" into library xil_defaultlib
INFO: [VRFC 10-311] analyzing module register16_bit
INFO: [VRFC 10-2263] Analyzing Verilog file "D:/2018-2/SIMPLE-CPU/KURM-CPU/KURM-CPU.srcs/sources_1/imports/KURM-CPU-master/modules/regfile.v" into library xil_defaultlib
INFO: [VRFC 10-311] analyzing module reg_file
INFO: [VRFC 10-2263] Analyzing Verilog file "D:/2018-2/SIMPLE-CPU/KURM-CPU/KURM-CPU.srcs/sources_1/imports/KURM-CPU-master/modules/sign_extend.v" into library xil_defaultlib
INFO: [VRFC 10-311] analyzing module sign_extend4_to_16
INFO: [VRFC 10-2263] Analyzing Verilog file "D:/2018-2/SIMPLE-CPU/KURM-CPU/KURM-CPU.srcs/sources_1/imports/KURM-CPU-master/final_cpu.v" into library xil_defaultlib
INFO: [VRFC 10-311] analyzing module micro_processor
INFO: [VRFC 10-2263] Analyzing Verilog file "D:/2018-2/SIMPLE-CPU/KURM-CPU/KURM-CPU.sim/sim_1/behav/glbl.v" into library xil_defaultlib
INFO: [VRFC 10-311] analyzing module glbl
